Using pre-set license
Built from '2020.3/staging' branch; Version is '2020.3.26f1 (7298b473bc1a) revision 7510196'; Using compiler version '192528614'; Build Type 'Release'
OS: 'Windows 10  (10.0.19042) 64bit Professional' Language: 'es' Physical Memory: 16319 MB
BatchMode: 1, IsHumanControllingUs: 0, StartBugReporterOnCrash: 0, Is64bit: 1, IsPro: 0

COMMAND LINE ARGUMENTS:
C:\Program Files\Unity\Hub\Editor\2020.3.26f1\Editor\Unity.exe
-adb2
-batchMode
-noUpm
-name
AssetImportWorker0
-projectPath
C:/Users/Karla/Documents/leapmotion
-logFile
Logs/AssetImportWorker0.log
-srvPort
61618
Successfully changed project path to: C:/Users/Karla/Documents/leapmotion
C:/Users/Karla/Documents/leapmotion
Using Asset Import Pipeline V2.
Refreshing native plugins compatible for Editor in 30.70 ms, found 2 plugins.
Preloading 0 native plugins for Editor in 0.00 ms.
Initialize engine version: 2020.3.26f1 (7298b473bc1a)
[Subsystems] Discovering subsystems at path C:/Program Files/Unity/Hub/Editor/2020.3.26f1/Editor/Data/Resources/UnitySubsystems
[Subsystems] Discovering subsystems at path C:/Users/Karla/Documents/leapmotion/Assets
GfxDevice: creating device client; threaded=0
Direct3D:
    Version:  Direct3D 11.0 [level 11.1]
    Renderer: NVIDIA GeForce GTX 1060 6GB (ID=0x1c03)
    Vendor:   
    VRAM:     6052 MB
    Driver:   27.21.14.6089
Initialize mono
Mono path[0] = 'C:/Program Files/Unity/Hub/Editor/2020.3.26f1/Editor/Data/Managed'
Mono path[1] = 'C:/Program Files/Unity/Hub/Editor/2020.3.26f1/Editor/Data/MonoBleedingEdge/lib/mono/unityjit'
Mono config path = 'C:/Program Files/Unity/Hub/Editor/2020.3.26f1/Editor/Data/MonoBleedingEdge/etc'
Using monoOptions --debugger-agent=transport=dt_socket,embedding=1,server=y,suspend=n,address=127.0.0.1:56324
Begin MonoManager ReloadAssembly
Registering precompiled unity dll's ...
Register platform support module: C:/Program Files/Unity/Hub/Editor/2020.3.26f1/Editor/Data/PlaybackEngines/WebGLSupport/UnityEditor.WebGL.Extensions.dll
Register platform support module: C:/Program Files/Unity/Hub/Editor/2020.3.26f1/Editor/Data/PlaybackEngines/WindowsStandaloneSupport/UnityEditor.WindowsStandalone.Extensions.dll
Registered in 0.002241 seconds.
Native extension for WindowsStandalone target not found
Native extension for WebGL target not found
Refreshing native plugins compatible for Editor in 30.21 ms, found 2 plugins.
Preloading 0 native plugins for Editor in 0.00 ms.
Mono: successfully reloaded assembly
- Completed reload, in  0.638 seconds
Domain Reload Profiling:
	ReloadAssembly (639ms)
		BeginReloadAssembly (55ms)
			ExecutionOrderSort (0ms)
			DisableScriptedObjects (0ms)
			BackupInstance (0ms)
			ReleaseScriptingObjects (0ms)
			CreateAndSetChildDomain (1ms)
		EndReloadAssembly (489ms)
			LoadAssemblies (54ms)
			RebuildTransferFunctionScriptingTraits (0ms)
			SetupTypeCache (159ms)
			ReleaseScriptCaches (0ms)
			RebuildScriptCaches (31ms)
			SetupLoadedEditorAssemblies (193ms)
				LogAssemblyErrors (0ms)
				InitializePlatformSupportModulesInManaged (5ms)
				SetLoadedEditorAssemblies (0ms)
				RefreshPlugins (30ms)
				BeforeProcessingInitializeOnLoad (12ms)
				ProcessInitializeOnLoadAttributes (113ms)
				ProcessInitializeOnLoadMethodAttributes (33ms)
				AfterProcessingInitializeOnLoad (0ms)
				EditorAssembliesLoaded (0ms)
			ExecutionOrderSort2 (0ms)
			AwakeInstancesAfterBackupRestoration (0ms)
Platform modules already initialized, skipping
Registering precompiled user dll's ...
Registered in 0.003969 seconds.
Begin MonoManager ReloadAssembly
Native extension for WindowsStandalone target not found
Native extension for WebGL target not found
Refreshing native plugins compatible for Editor in 0.34 ms, found 2 plugins.
Preloading 0 native plugins for Editor in 0.00 ms.
Mono: successfully reloaded assembly
- Completed reload, in  1.003 seconds
Domain Reload Profiling:
	ReloadAssembly (1004ms)
		BeginReloadAssembly (144ms)
			ExecutionOrderSort (0ms)
			DisableScriptedObjects (6ms)
			BackupInstance (0ms)
			ReleaseScriptingObjects (0ms)
			CreateAndSetChildDomain (18ms)
		EndReloadAssembly (800ms)
			LoadAssemblies (88ms)
			RebuildTransferFunctionScriptingTraits (0ms)
			SetupTypeCache (285ms)
			ReleaseScriptCaches (0ms)
			RebuildScriptCaches (39ms)
			SetupLoadedEditorAssemblies (287ms)
				LogAssemblyErrors (0ms)
				InitializePlatformSupportModulesInManaged (5ms)
				SetLoadedEditorAssemblies (0ms)
				RefreshPlugins (0ms)
				BeforeProcessingInitializeOnLoad (89ms)
				ProcessInitializeOnLoadAttributes (178ms)
				ProcessInitializeOnLoadMethodAttributes (8ms)
				AfterProcessingInitializeOnLoad (6ms)
				EditorAssembliesLoaded (0ms)
			ExecutionOrderSort2 (0ms)
			AwakeInstancesAfterBackupRestoration (6ms)
Platform modules already initialized, skipping
========================================================================
Worker process is ready to serve import requests
Launched and connected shader compiler UnityShaderCompiler.exe after 0.06 seconds
Refreshing native plugins compatible for Editor in 0.28 ms, found 2 plugins.
Preloading 0 native plugins for Editor in 0.00 ms.
Unloading 1503 Unused Serialized files (Serialized files now loaded: 0)
System memory in use before: 67.6 MB.
System memory in use after: 67.7 MB.

Unloading 19 unused Assets to reduce memory usage. Loaded Objects now: 1935.
Total: 2.343000 ms (FindLiveObjects: 0.112600 ms CreateObjectMapping: 0.044200 ms MarkObjects: 2.132300 ms  DeleteObjects: 0.053300 ms)

AssetImportParameters requested are different than current active one (requested -> active):
  custom:framework-win-MediaFoundation: 216162199b28c13a410421893ffa2e32 -> 
  custom:video-decoder-ogg-theora: a1e56fd34408186e4bbccfd4996cb3dc -> 
  custom:container-muxer-webm: aa71ff27fc2769a1b78a27578f13a17b -> 
  custom:container-demuxer-webm: 4f35f7cbe854078d1ac9338744f61a02 -> 
  custom:container-demuxer-ogg: 62fdf1f143b41e24485cea50d1cbac27 -> 
  custom:video-encoder-webm-vp8: eb34c28f22e8b96e1ab97ce403110664 -> 
  custom:video-decoder-webm-vp8: 9c59270c3fd7afecdb556c50c9e8de78 -> 
  custom:audio-decoder-ogg-vorbis: bf7c407c2cedff20999df2af8eb42d56 -> 
  custom:audio-encoder-webm-vorbis: bf7c407c2cedff20999df2af8eb42d56 -> 
========================================================================
Received Import Request.
  path: Assets/Scenes
  artifactKey: Guid(aae92354e007ddc41a26e442f7e9d2ab) Importer(815301076,1909f56bfc062723c751e8b465ee728b)
Start importing Assets/Scenes using Guid(aae92354e007ddc41a26e442f7e9d2ab) Importer(815301076,1909f56bfc062723c751e8b465ee728b)  -> (artifact id: '0c4e90554f6afa5d65f2d2cc3f5bc75a') in 0.007241 seconds 
  Import took 0.009510 seconds .

========================================================================
Received Prepare
Registering precompiled user dll's ...
Registered in 0.004219 seconds.
Begin MonoManager ReloadAssembly
Native extension for WindowsStandalone target not found
Native extension for WebGL target not found
Refreshing native plugins compatible for Editor in 0.33 ms, found 2 plugins.
Preloading 0 native plugins for Editor in 0.00 ms.
Mono: successfully reloaded assembly
- Completed reload, in  0.966 seconds
Domain Reload Profiling:
	ReloadAssembly (967ms)
		BeginReloadAssembly (100ms)
			ExecutionOrderSort (0ms)
			DisableScriptedObjects (4ms)
			BackupInstance (0ms)
			ReleaseScriptingObjects (0ms)
			CreateAndSetChildDomain (28ms)
		EndReloadAssembly (804ms)
			LoadAssemblies (93ms)
			RebuildTransferFunctionScriptingTraits (0ms)
			SetupTypeCache (302ms)
			ReleaseScriptCaches (1ms)
			RebuildScriptCaches (38ms)
			SetupLoadedEditorAssemblies (278ms)
				LogAssemblyErrors (0ms)
				InitializePlatformSupportModulesInManaged (5ms)
				SetLoadedEditorAssemblies (0ms)
				RefreshPlugins (0ms)
				BeforeProcessingInitializeOnLoad (90ms)
				ProcessInitializeOnLoadAttributes (168ms)
				ProcessInitializeOnLoadMethodAttributes (9ms)
				AfterProcessingInitializeOnLoad (6ms)
				EditorAssembliesLoaded (0ms)
			ExecutionOrderSort2 (0ms)
			AwakeInstancesAfterBackupRestoration (6ms)
Platform modules already initialized, skipping
Refreshing native plugins compatible for Editor in 0.34 ms, found 2 plugins.
Preloading 0 native plugins for Editor in 0.00 ms.
Unloading 1809 Unused Serialized files (Serialized files now loaded: 0)
System memory in use before: 76.7 MB.
System memory in use after: 76.8 MB.

Unloading 14 unused Assets to reduce memory usage. Loaded Objects now: 2249.
Total: 2.481600 ms (FindLiveObjects: 0.125800 ms CreateObjectMapping: 0.052000 ms MarkObjects: 2.282600 ms  DeleteObjects: 0.020300 ms)

AssetImportParameters requested are different than current active one (requested -> active):
  custom:framework-win-MediaFoundation: 216162199b28c13a410421893ffa2e32 -> 
  custom:video-decoder-ogg-theora: a1e56fd34408186e4bbccfd4996cb3dc -> 
  custom:container-muxer-webm: aa71ff27fc2769a1b78a27578f13a17b -> 
  custom:container-demuxer-webm: 4f35f7cbe854078d1ac9338744f61a02 -> 
  custom:container-demuxer-ogg: 62fdf1f143b41e24485cea50d1cbac27 -> 
  custom:video-encoder-webm-vp8: eb34c28f22e8b96e1ab97ce403110664 -> 
  custom:video-decoder-webm-vp8: 9c59270c3fd7afecdb556c50c9e8de78 -> 
  custom:audio-decoder-ogg-vorbis: bf7c407c2cedff20999df2af8eb42d56 -> 
  custom:audio-encoder-webm-vorbis: bf7c407c2cedff20999df2af8eb42d56 -> 
========================================================================
Received Prepare
Registering precompiled user dll's ...
Registered in 0.003836 seconds.
Begin MonoManager ReloadAssembly
Native extension for WindowsStandalone target not found
Native extension for WebGL target not found
Refreshing native plugins compatible for Editor in 0.34 ms, found 2 plugins.
Preloading 0 native plugins for Editor in 0.00 ms.
Mono: successfully reloaded assembly
- Completed reload, in  0.921 seconds
Domain Reload Profiling:
	ReloadAssembly (921ms)
		BeginReloadAssembly (106ms)
			ExecutionOrderSort (0ms)
			DisableScriptedObjects (5ms)
			BackupInstance (0ms)
			ReleaseScriptingObjects (0ms)
			CreateAndSetChildDomain (29ms)
		EndReloadAssembly (752ms)
			LoadAssemblies (84ms)
			RebuildTransferFunctionScriptingTraits (0ms)
			SetupTypeCache (280ms)
			ReleaseScriptCaches (1ms)
			RebuildScriptCaches (38ms)
			SetupLoadedEditorAssemblies (264ms)
				LogAssemblyErrors (0ms)
				InitializePlatformSupportModulesInManaged (5ms)
				SetLoadedEditorAssemblies (0ms)
				RefreshPlugins (0ms)
				BeforeProcessingInitializeOnLoad (84ms)
				ProcessInitializeOnLoadAttributes (161ms)
				ProcessInitializeOnLoadMethodAttributes (8ms)
				AfterProcessingInitializeOnLoad (6ms)
				EditorAssembliesLoaded (0ms)
			ExecutionOrderSort2 (0ms)
			AwakeInstancesAfterBackupRestoration (6ms)
Platform modules already initialized, skipping
Refreshing native plugins compatible for Editor in 0.35 ms, found 2 plugins.
Preloading 0 native plugins for Editor in 0.00 ms.
Unloading 1971 Unused Serialized files (Serialized files now loaded: 0)
System memory in use before: 82.7 MB.
System memory in use after: 82.8 MB.

Unloading 15 unused Assets to reduce memory usage. Loaded Objects now: 2415.
Total: 2.935800 ms (FindLiveObjects: 0.147200 ms CreateObjectMapping: 0.072600 ms MarkObjects: 2.692400 ms  DeleteObjects: 0.022400 ms)

AssetImportParameters requested are different than current active one (requested -> active):
  custom:framework-win-MediaFoundation: 216162199b28c13a410421893ffa2e32 -> 
  custom:video-decoder-ogg-theora: a1e56fd34408186e4bbccfd4996cb3dc -> 
  custom:container-muxer-webm: aa71ff27fc2769a1b78a27578f13a17b -> 
  custom:container-demuxer-webm: 4f35f7cbe854078d1ac9338744f61a02 -> 
  custom:container-demuxer-ogg: 62fdf1f143b41e24485cea50d1cbac27 -> 
  custom:video-encoder-webm-vp8: eb34c28f22e8b96e1ab97ce403110664 -> 
  custom:video-decoder-webm-vp8: 9c59270c3fd7afecdb556c50c9e8de78 -> 
  custom:audio-decoder-ogg-vorbis: bf7c407c2cedff20999df2af8eb42d56 -> 
  custom:audio-encoder-webm-vorbis: bf7c407c2cedff20999df2af8eb42d56 -> 
========================================================================
Received Prepare
Registering precompiled user dll's ...
Registered in 0.004396 seconds.
Begin MonoManager ReloadAssembly
Native extension for WindowsStandalone target not found
Native extension for WebGL target not found
Refreshing native plugins compatible for Editor in 0.42 ms, found 3 plugins.
Preloading 0 native plugins for Editor in 0.00 ms.
Mono: successfully reloaded assembly
- Completed reload, in  0.971 seconds
Domain Reload Profiling:
	ReloadAssembly (971ms)
		BeginReloadAssembly (137ms)
			ExecutionOrderSort (0ms)
			DisableScriptedObjects (4ms)
			BackupInstance (0ms)
			ReleaseScriptingObjects (0ms)
			CreateAndSetChildDomain (41ms)
		EndReloadAssembly (770ms)
			LoadAssemblies (84ms)
			RebuildTransferFunctionScriptingTraits (0ms)
			SetupTypeCache (286ms)
			ReleaseScriptCaches (1ms)
			RebuildScriptCaches (37ms)
			SetupLoadedEditorAssemblies (274ms)
				LogAssemblyErrors (0ms)
				InitializePlatformSupportModulesInManaged (5ms)
				SetLoadedEditorAssemblies (0ms)
				RefreshPlugins (0ms)
				BeforeProcessingInitializeOnLoad (89ms)
				ProcessInitializeOnLoadAttributes (164ms)
				ProcessInitializeOnLoadMethodAttributes (8ms)
				AfterProcessingInitializeOnLoad (6ms)
				EditorAssembliesLoaded (0ms)
			ExecutionOrderSort2 (0ms)
			AwakeInstancesAfterBackupRestoration (6ms)
Platform modules already initialized, skipping
Refreshing native plugins compatible for Editor in 0.42 ms, found 3 plugins.
Preloading 0 native plugins for Editor in 0.00 ms.
Unloading 2309 Unused Serialized files (Serialized files now loaded: 0)
System memory in use before: 94.7 MB.
System memory in use after: 94.2 MB.

Unloading 26 unused Assets to reduce memory usage. Loaded Objects now: 2743.
Total: 3.185600 ms (FindLiveObjects: 0.174700 ms CreateObjectMapping: 0.102200 ms MarkObjects: 2.554300 ms  DeleteObjects: 0.353600 ms)

AssetImportParameters requested are different than current active one (requested -> active):
  custom:framework-win-MediaFoundation: 216162199b28c13a410421893ffa2e32 -> 
  custom:video-decoder-ogg-theora: a1e56fd34408186e4bbccfd4996cb3dc -> 
  custom:container-muxer-webm: aa71ff27fc2769a1b78a27578f13a17b -> 
  custom:container-demuxer-webm: 4f35f7cbe854078d1ac9338744f61a02 -> 
  custom:container-demuxer-ogg: 62fdf1f143b41e24485cea50d1cbac27 -> 
  custom:video-encoder-webm-vp8: eb34c28f22e8b96e1ab97ce403110664 -> 
  custom:video-decoder-webm-vp8: 9c59270c3fd7afecdb556c50c9e8de78 -> 
  custom:audio-decoder-ogg-vorbis: bf7c407c2cedff20999df2af8eb42d56 -> 
  custom:audio-encoder-webm-vorbis: bf7c407c2cedff20999df2af8eb42d56 -> 
========================================================================
Received Import Request.
  Time since last request: 604.356218 seconds.
  path: Packages/com.ultraleap.tracking
  artifactKey: Guid(73207a6c01c790c2ed87922a646300f6) Importer(815301076,1909f56bfc062723c751e8b465ee728b)
Start importing Packages/com.ultraleap.tracking using Guid(73207a6c01c790c2ed87922a646300f6) Importer(815301076,1909f56bfc062723c751e8b465ee728b)  -> (artifact id: '37aea7e63adb18029dca1009ab7f89a5') in 0.009870 seconds 
  Import took 0.013594 seconds .

========================================================================
Received Import Request.
  Time since last request: 0.072785 seconds.
  path: Packages/com.ultraleap.tracking/package.json
  artifactKey: Guid(ce2e1518d48af044696b0ea5aca137a8) Importer(815301076,1909f56bfc062723c751e8b465ee728b)
Start importing Packages/com.ultraleap.tracking/package.json using Guid(ce2e1518d48af044696b0ea5aca137a8) Importer(815301076,1909f56bfc062723c751e8b465ee728b)  -> (artifact id: '8e2242b208e3a3c8772881cdc6bdb46c') in 0.049574 seconds 
  Import took 0.053637 seconds .

========================================================================
Received Import Request.
  Time since last request: 10.371248 seconds.
  path: Packages/com.ultraleap.tracking/Core
  artifactKey: Guid(65c212c4946dc3e468617b1a0ca747ef) Importer(815301076,1909f56bfc062723c751e8b465ee728b)
Start importing Packages/com.ultraleap.tracking/Core using Guid(65c212c4946dc3e468617b1a0ca747ef) Importer(815301076,1909f56bfc062723c751e8b465ee728b)  -> (artifact id: '95672679503929d34b4ffc2a6d410289') in 0.006667 seconds 
  Import took 0.009597 seconds .

========================================================================
Received Import Request.
  Time since last request: 1.243746 seconds.
  path: Packages/com.ultraleap.tracking/Core/Runtime
  artifactKey: Guid(3d22e664c5b144048ab6b2b2419f2b00) Importer(815301076,1909f56bfc062723c751e8b465ee728b)
Start importing Packages/com.ultraleap.tracking/Core/Runtime using Guid(3d22e664c5b144048ab6b2b2419f2b00) Importer(815301076,1909f56bfc062723c751e8b465ee728b)  -> (artifact id: '244c150eef52be3f0b4dd1b4b1c4811f') in 0.008082 seconds 
  Import took 0.010988 seconds .

========================================================================
Received Import Request.
  Time since last request: 0.082241 seconds.
  path: Packages/com.ultraleap.tracking/Core/Runtime/Package.asset
  artifactKey: Guid(828092ac76618d349a96555173177a8f) Importer(815301076,1909f56bfc062723c751e8b465ee728b)
Start importing Packages/com.ultraleap.tracking/Core/Runtime/Package.asset using Guid(828092ac76618d349a96555173177a8f) Importer(815301076,1909f56bfc062723c751e8b465ee728b)  -> (artifact id: 'e869cf2fe285edbbebd2e9a87d75ac83') in 0.010368 seconds 
  Import took 0.014535 seconds .

========================================================================
Received Import Request.
  Time since last request: 0.000231 seconds.
  path: Packages/com.ultraleap.tracking/Core/Runtime/Ultraleap.Tracking.Core.asmdef
  artifactKey: Guid(cec9848704c49724192ff47f9b3e9156) Importer(815301076,1909f56bfc062723c751e8b465ee728b)
Start importing Packages/com.ultraleap.tracking/Core/Runtime/Ultraleap.Tracking.Core.asmdef using Guid(cec9848704c49724192ff47f9b3e9156) Importer(815301076,1909f56bfc062723c751e8b465ee728b)  -> (artifact id: 'abeb8c84b2502c00e4ff1cb2a691eb79') in 0.006644 seconds 
  Import took 0.009525 seconds .

========================================================================
Received Import Request.
  Time since last request: 1.478417 seconds.
  path: Packages/com.ultraleap.tracking/Core/Runtime/Prefabs
  artifactKey: Guid(b1a28ea4884774f7fb52fa97172e99b2) Importer(815301076,1909f56bfc062723c751e8b465ee728b)
Start importing Packages/com.ultraleap.tracking/Core/Runtime/Prefabs using Guid(b1a28ea4884774f7fb52fa97172e99b2) Importer(815301076,1909f56bfc062723c751e8b465ee728b)  -> (artifact id: 'f8f688b4eeb082afb60fcde298730dac') in 0.006852 seconds 
  Import took 0.009968 seconds .

========================================================================
Received Import Request.
  Time since last request: 0.147636 seconds.
  path: Packages/com.ultraleap.tracking/Core/Runtime/Prefabs/Attachment Hands.prefab
  artifactKey: Guid(80001c6c93c5068488198a82e151e3ff) Importer(815301076,1909f56bfc062723c751e8b465ee728b)
Start importing Packages/com.ultraleap.tracking/Core/Runtime/Prefabs/Attachment Hands.prefab using Guid(80001c6c93c5068488198a82e151e3ff) Importer(815301076,1909f56bfc062723c751e8b465ee728b)  -> (artifact id: '5c314e2429f23aa89bf04f44b1c06048') in 0.094166 seconds 
  Import took 0.098625 seconds .

========================================================================
Received Import Request.
  Time since last request: 0.000243 seconds.
  path: Packages/com.ultraleap.tracking/Core/Runtime/Prefabs/Service Provider (XR).prefab
  artifactKey: Guid(15d3b5cf5cea75344a4482323bc124a8) Importer(815301076,1909f56bfc062723c751e8b465ee728b)
Start importing Packages/com.ultraleap.tracking/Core/Runtime/Prefabs/Service Provider (XR).prefab using Guid(15d3b5cf5cea75344a4482323bc124a8) Importer(815301076,1909f56bfc062723c751e8b465ee728b)  -> (artifact id: '812ff71e89e0abfb3025903bfb0cbeea') in 0.015977 seconds 
  Import took 0.019383 seconds .

========================================================================
Received Import Request.
  Time since last request: 0.000207 seconds.
  path: Packages/com.ultraleap.tracking/Core/Runtime/Prefabs/Service Provider (Desktop).prefab
  artifactKey: Guid(b9c7aaf0d314cb847a3b2a20e893f1b6) Importer(815301076,1909f56bfc062723c751e8b465ee728b)
Start importing Packages/com.ultraleap.tracking/Core/Runtime/Prefabs/Service Provider (Desktop).prefab using Guid(b9c7aaf0d314cb847a3b2a20e893f1b6) Importer(815301076,1909f56bfc062723c751e8b465ee728b)  -> (artifact id: '3011d15b531e29aefae9e64af2233316') in 0.012730 seconds 
  Import took 0.015648 seconds .

========================================================================
Received Import Request.
  Time since last request: 0.000197 seconds.
  path: Packages/com.ultraleap.tracking/Core/Runtime/Prefabs/HandModels.prefab
  artifactKey: Guid(a4f31c9f6421beb42a81b0031924ff15) Importer(815301076,1909f56bfc062723c751e8b465ee728b)
Start importing Packages/com.ultraleap.tracking/Core/Runtime/Prefabs/HandModels.prefab using Guid(a4f31c9f6421beb42a81b0031924ff15) Importer(815301076,1909f56bfc062723c751e8b465ee728b)  -> (artifact id: 'c4e86b00530b89727375ff8370a7c715') in 0.011088 seconds 
  Import took 0.014076 seconds .

========================================================================
Received Import Request.
  Time since last request: 0.000213 seconds.
  path: Packages/com.ultraleap.tracking/Core/Runtime/Prefabs/Image Retriever.prefab
  artifactKey: Guid(a3493d19a55aa734daa24f35421a14d2) Importer(815301076,1909f56bfc062723c751e8b465ee728b)
Start importing Packages/com.ultraleap.tracking/Core/Runtime/Prefabs/Image Retriever.prefab using Guid(a3493d19a55aa734daa24f35421a14d2) Importer(815301076,1909f56bfc062723c751e8b465ee728b)  -> (artifact id: 'fb3e1619ff52c9eace1dbc114e934500') in 0.015519 seconds 
  Import took 0.018537 seconds .

========================================================================
Received Import Request.
  Time since last request: 0.000204 seconds.
  path: Packages/com.ultraleap.tracking/Core/Runtime/Prefabs/Service Provider (Screentop).prefab
  artifactKey: Guid(ae56ec35d0bcbba49962ea56f2aaa0fb) Importer(815301076,1909f56bfc062723c751e8b465ee728b)
Start importing Packages/com.ultraleap.tracking/Core/Runtime/Prefabs/Service Provider (Screentop).prefab using Guid(ae56ec35d0bcbba49962ea56f2aaa0fb) Importer(815301076,1909f56bfc062723c751e8b465ee728b)  -> (artifact id: 'c30db54ca4ea5095581857f70c9c430b') in 0.008181 seconds 
  Import took 0.011008 seconds .

========================================================================
Received Import Request.
  Time since last request: 456.503858 seconds.
  path: Packages/com.ultraleap.tracking/Core/Runtime/Prefabs/HandModelsPhysical
  artifactKey: Guid(d3dcf7ef7694cb24f90e27da063411d4) Importer(815301076,1909f56bfc062723c751e8b465ee728b)
Start importing Packages/com.ultraleap.tracking/Core/Runtime/Prefabs/HandModelsPhysical using Guid(d3dcf7ef7694cb24f90e27da063411d4) Importer(815301076,1909f56bfc062723c751e8b465ee728b)  -> (artifact id: 'e2462a6d0762f669e35dc94dfd14d71b') in 0.005495 seconds 
  Import took 0.009700 seconds .

========================================================================
Received Import Request.
  Time since last request: 0.000700 seconds.
  path: Packages/com.ultraleap.tracking/Core/Runtime/Prefabs/HandModelsPhysical/RigidFullHand.prefab
  artifactKey: Guid(f64990f14a4ef41e1aa0c2c8b5fbf1a0) Importer(815301076,1909f56bfc062723c751e8b465ee728b)
Start importing Packages/com.ultraleap.tracking/Core/Runtime/Prefabs/HandModelsPhysical/RigidFullHand.prefab using Guid(f64990f14a4ef41e1aa0c2c8b5fbf1a0) Importer(815301076,1909f56bfc062723c751e8b465ee728b)  -> (artifact id: 'bd1fc6dcd73069891ade12e7a1cdfda8') in 0.012758 seconds 
  Import took 0.015906 seconds .

========================================================================
Received Import Request.
  Time since last request: 0.000228 seconds.
  path: Packages/com.ultraleap.tracking/Core/Runtime/Prefabs/HandModelsPhysical/ThickRigidHand.prefab
  artifactKey: Guid(d1ee2987e72174f659cdf5447ad5403c) Importer(815301076,1909f56bfc062723c751e8b465ee728b)
Start importing Packages/com.ultraleap.tracking/Core/Runtime/Prefabs/HandModelsPhysical/ThickRigidHand.prefab using Guid(d1ee2987e72174f659cdf5447ad5403c) Importer(815301076,1909f56bfc062723c751e8b465ee728b)  -> (artifact id: 'd7b5167a6f983de7051c9572e52d14d6') in 0.008031 seconds 
  Import took 0.011152 seconds .

========================================================================
Received Import Request.
  Time since last request: 0.000218 seconds.
  path: Packages/com.ultraleap.tracking/Core/Runtime/Prefabs/HandModelsPhysical/RigidRoundHand_R.prefab
  artifactKey: Guid(c8515ebee271c0649b9db1321f3026a4) Importer(815301076,1909f56bfc062723c751e8b465ee728b)
Start importing Packages/com.ultraleap.tracking/Core/Runtime/Prefabs/HandModelsPhysical/RigidRoundHand_R.prefab using Guid(c8515ebee271c0649b9db1321f3026a4) Importer(815301076,1909f56bfc062723c751e8b465ee728b)  -> (artifact id: 'ac8e3144d859e54e65f6871d8a1c44a0') in 0.008261 seconds 
  Import took 0.011514 seconds .

========================================================================
Received Import Request.
  Time since last request: 0.000202 seconds.
  path: Packages/com.ultraleap.tracking/Core/Runtime/Prefabs/HandModelsPhysical/RigidRoundHand.prefab
  artifactKey: Guid(dc02f2d83c1ac4b4d9b4ec82df1b1732) Importer(815301076,1909f56bfc062723c751e8b465ee728b)
Start importing Packages/com.ultraleap.tracking/Core/Runtime/Prefabs/HandModelsPhysical/RigidRoundHand.prefab using Guid(dc02f2d83c1ac4b4d9b4ec82df1b1732) Importer(815301076,1909f56bfc062723c751e8b465ee728b)  -> (artifact id: '8a2c2b45d1511a11fec65da1ad2ee7d3') in 0.007870 seconds 
  Import took 0.011022 seconds .

========================================================================
Received Import Request.
  Time since last request: 0.000210 seconds.
  path: Packages/com.ultraleap.tracking/Core/Runtime/Prefabs/HandModelsPhysical/RigidHand.prefab
  artifactKey: Guid(4b359b2f0d7d14ef0a97b45ec153a3ef) Importer(815301076,1909f56bfc062723c751e8b465ee728b)
Start importing Packages/com.ultraleap.tracking/Core/Runtime/Prefabs/HandModelsPhysical/RigidHand.prefab using Guid(4b359b2f0d7d14ef0a97b45ec153a3ef) Importer(815301076,1909f56bfc062723c751e8b465ee728b)  -> (artifact id: 'f7999599c8e6debd60a172f8b6c4aceb') in 0.007882 seconds 
  Import took 0.011375 seconds .

========================================================================
Received Import Request.
  Time since last request: 0.000194 seconds.
  path: Packages/com.ultraleap.tracking/Core/Runtime/Prefabs/HandModelsPhysical/RigidRoundHand_L.prefab
  artifactKey: Guid(23f2cce114628a448bfeaae171b4c0c0) Importer(815301076,1909f56bfc062723c751e8b465ee728b)
Start importing Packages/com.ultraleap.tracking/Core/Runtime/Prefabs/HandModelsPhysical/RigidRoundHand_L.prefab using Guid(23f2cce114628a448bfeaae171b4c0c0) Importer(815301076,1909f56bfc062723c751e8b465ee728b)  -> (artifact id: '4d0294b1940ddf9c2970b010e0d4ad50') in 0.008338 seconds 
  Import took 0.011533 seconds .

========================================================================
Received Import Request.
  Time since last request: 289.546048 seconds.
  path: Assets
  artifactKey: Guid(00000000000000001000000000000000) Importer(815301076,1909f56bfc062723c751e8b465ee728b)
Start importing Assets using Guid(00000000000000001000000000000000) Importer(815301076,1909f56bfc062723c751e8b465ee728b)  -> (artifact id: '42d402b061de3733987d63b9cc3b64de') in 0.007139 seconds 
  Import took 0.010270 seconds .

========================================================================
Received Import Request.
  Time since last request: 3.099052 seconds.
  path: Assets/NewBehaviourScript.cs
  artifactKey: Guid(3e5f7c97243791f448f4d16bc7309d17) Importer(815301076,1909f56bfc062723c751e8b465ee728b)
Start importing Assets/NewBehaviourScript.cs using Guid(3e5f7c97243791f448f4d16bc7309d17) Importer(815301076,1909f56bfc062723c751e8b465ee728b)  -> (artifact id: 'c5259b3846e82f6c3718562dfe65d47f') in 0.015058 seconds 
  Import took 0.018211 seconds .

========================================================================
Received Prepare
Registering precompiled user dll's ...
Registered in 0.004260 seconds.
Begin MonoManager ReloadAssembly
Native extension for WindowsStandalone target not found
Native extension for WebGL target not found
Refreshing native plugins compatible for Editor in 0.42 ms, found 3 plugins.
Preloading 0 native plugins for Editor in 0.00 ms.
Mono: successfully reloaded assembly
- Completed reload, in  0.943 seconds
Domain Reload Profiling:
	ReloadAssembly (943ms)
		BeginReloadAssembly (113ms)
			ExecutionOrderSort (0ms)
			DisableScriptedObjects (4ms)
			BackupInstance (0ms)
			ReleaseScriptingObjects (0ms)
			CreateAndSetChildDomain (33ms)
		EndReloadAssembly (766ms)
			LoadAssemblies (85ms)
			RebuildTransferFunctionScriptingTraits (0ms)
			SetupTypeCache (277ms)
			ReleaseScriptCaches (1ms)
			RebuildScriptCaches (38ms)
			SetupLoadedEditorAssemblies (278ms)
				LogAssemblyErrors (0ms)
				InitializePlatformSupportModulesInManaged (5ms)
				SetLoadedEditorAssemblies (0ms)
				RefreshPlugins (0ms)
				BeforeProcessingInitializeOnLoad (92ms)
				ProcessInitializeOnLoadAttributes (165ms)
				ProcessInitializeOnLoadMethodAttributes (9ms)
				AfterProcessingInitializeOnLoad (6ms)
				EditorAssembliesLoaded (0ms)
			ExecutionOrderSort2 (0ms)
			AwakeInstancesAfterBackupRestoration (6ms)
Platform modules already initialized, skipping
Refreshing native plugins compatible for Editor in 0.40 ms, found 3 plugins.
Preloading 0 native plugins for Editor in 0.00 ms.
Unloading 2309 Unused Serialized files (Serialized files now loaded: 0)
System memory in use before: 97.9 MB.
System memory in use after: 97.4 MB.

Unloading 25 unused Assets to reduce memory usage. Loaded Objects now: 2757.
Total: 2.893100 ms (FindLiveObjects: 0.155900 ms CreateObjectMapping: 0.088800 ms MarkObjects: 2.309300 ms  DeleteObjects: 0.338500 ms)

AssetImportParameters requested are different than current active one (requested -> active):
  custom:framework-win-MediaFoundation: 216162199b28c13a410421893ffa2e32 -> 
  custom:video-decoder-ogg-theora: a1e56fd34408186e4bbccfd4996cb3dc -> 
  custom:container-muxer-webm: aa71ff27fc2769a1b78a27578f13a17b -> 
  custom:container-demuxer-webm: 4f35f7cbe854078d1ac9338744f61a02 -> 
  custom:container-demuxer-ogg: 62fdf1f143b41e24485cea50d1cbac27 -> 
  custom:video-encoder-webm-vp8: eb34c28f22e8b96e1ab97ce403110664 -> 
  custom:video-decoder-webm-vp8: 9c59270c3fd7afecdb556c50c9e8de78 -> 
  custom:audio-decoder-ogg-vorbis: bf7c407c2cedff20999df2af8eb42d56 -> 
  custom:audio-encoder-webm-vorbis: bf7c407c2cedff20999df2af8eb42d56 -> 
========================================================================
Received Import Request.
  Time since last request: 18.569185 seconds.
  path: Assets/PalmTracker.cs
  artifactKey: Guid(3e5f7c97243791f448f4d16bc7309d17) Importer(815301076,1909f56bfc062723c751e8b465ee728b)
Start importing Assets/PalmTracker.cs using Guid(3e5f7c97243791f448f4d16bc7309d17) Importer(815301076,1909f56bfc062723c751e8b465ee728b)  -> (artifact id: '8da06fb7829eae53d4e61528a29db522') in 0.011123 seconds 
  Import took 0.015708 seconds .

========================================================================
Received Prepare
Registering precompiled user dll's ...
Registered in 0.004019 seconds.
Begin MonoManager ReloadAssembly
Native extension for WindowsStandalone target not found
Native extension for WebGL target not found
Refreshing native plugins compatible for Editor in 0.41 ms, found 3 plugins.
Preloading 0 native plugins for Editor in 0.00 ms.
Mono: successfully reloaded assembly
- Completed reload, in  0.909 seconds
Domain Reload Profiling:
	ReloadAssembly (910ms)
		BeginReloadAssembly (99ms)
			ExecutionOrderSort (0ms)
			DisableScriptedObjects (4ms)
			BackupInstance (0ms)
			ReleaseScriptingObjects (0ms)
			CreateAndSetChildDomain (28ms)
		EndReloadAssembly (752ms)
			LoadAssemblies (83ms)
			RebuildTransferFunctionScriptingTraits (0ms)
			SetupTypeCache (269ms)
			ReleaseScriptCaches (1ms)
			RebuildScriptCaches (37ms)
			SetupLoadedEditorAssemblies (276ms)
				LogAssemblyErrors (0ms)
				InitializePlatformSupportModulesInManaged (5ms)
				SetLoadedEditorAssemblies (0ms)
				RefreshPlugins (0ms)
				BeforeProcessingInitializeOnLoad (87ms)
				ProcessInitializeOnLoadAttributes (167ms)
				ProcessInitializeOnLoadMethodAttributes (10ms)
				AfterProcessingInitializeOnLoad (6ms)
				EditorAssembliesLoaded (0ms)
			ExecutionOrderSort2 (0ms)
			AwakeInstancesAfterBackupRestoration (6ms)
Platform modules already initialized, skipping
Refreshing native plugins compatible for Editor in 0.41 ms, found 3 plugins.
Preloading 0 native plugins for Editor in 0.00 ms.
Unloading 2308 Unused Serialized files (Serialized files now loaded: 0)
System memory in use before: 97.9 MB.
System memory in use after: 97.4 MB.

Unloading 25 unused Assets to reduce memory usage. Loaded Objects now: 2759.
Total: 2.938400 ms (FindLiveObjects: 0.150400 ms CreateObjectMapping: 0.078000 ms MarkObjects: 2.341700 ms  DeleteObjects: 0.367600 ms)

AssetImportParameters requested are different than current active one (requested -> active):
  custom:framework-win-MediaFoundation: 216162199b28c13a410421893ffa2e32 -> 
  custom:video-decoder-ogg-theora: a1e56fd34408186e4bbccfd4996cb3dc -> 
  custom:container-muxer-webm: aa71ff27fc2769a1b78a27578f13a17b -> 
  custom:container-demuxer-webm: 4f35f7cbe854078d1ac9338744f61a02 -> 
  custom:container-demuxer-ogg: 62fdf1f143b41e24485cea50d1cbac27 -> 
  custom:video-encoder-webm-vp8: eb34c28f22e8b96e1ab97ce403110664 -> 
  custom:video-decoder-webm-vp8: 9c59270c3fd7afecdb556c50c9e8de78 -> 
  custom:audio-decoder-ogg-vorbis: bf7c407c2cedff20999df2af8eb42d56 -> 
  custom:audio-encoder-webm-vorbis: bf7c407c2cedff20999df2af8eb42d56 -> 
========================================================================
Received Prepare
Registering precompiled user dll's ...
Registered in 0.004188 seconds.
Begin MonoManager ReloadAssembly
Native extension for WindowsStandalone target not found
Native extension for WebGL target not found
Refreshing native plugins compatible for Editor in 0.41 ms, found 3 plugins.
Preloading 0 native plugins for Editor in 0.00 ms.
Mono: successfully reloaded assembly
- Completed reload, in  0.911 seconds
Domain Reload Profiling:
	ReloadAssembly (911ms)
		BeginReloadAssembly (95ms)
			ExecutionOrderSort (0ms)
			DisableScriptedObjects (4ms)
			BackupInstance (0ms)
			ReleaseScriptingObjects (0ms)
			CreateAndSetChildDomain (28ms)
		EndReloadAssembly (758ms)
			LoadAssemblies (84ms)
			RebuildTransferFunctionScriptingTraits (0ms)
			SetupTypeCache (270ms)
			ReleaseScriptCaches (1ms)
			RebuildScriptCaches (38ms)
			SetupLoadedEditorAssemblies (274ms)
				LogAssemblyErrors (0ms)
				InitializePlatformSupportModulesInManaged (5ms)
				SetLoadedEditorAssemblies (0ms)
				RefreshPlugins (0ms)
				BeforeProcessingInitializeOnLoad (88ms)
				ProcessInitializeOnLoadAttributes (165ms)
				ProcessInitializeOnLoadMethodAttributes (9ms)
				AfterProcessingInitializeOnLoad (6ms)
				EditorAssembliesLoaded (0ms)
			ExecutionOrderSort2 (0ms)
			AwakeInstancesAfterBackupRestoration (6ms)
Platform modules already initialized, skipping
Refreshing native plugins compatible for Editor in 0.40 ms, found 3 plugins.
Preloading 0 native plugins for Editor in 0.00 ms.
Unloading 2307 Unused Serialized files (Serialized files now loaded: 0)
System memory in use before: 97.9 MB.
System memory in use after: 97.4 MB.

Unloading 26 unused Assets to reduce memory usage. Loaded Objects now: 2760.
Total: 2.921900 ms (FindLiveObjects: 0.156500 ms CreateObjectMapping: 0.088000 ms MarkObjects: 2.300800 ms  DeleteObjects: 0.375900 ms)

AssetImportParameters requested are different than current active one (requested -> active):
  custom:framework-win-MediaFoundation: 216162199b28c13a410421893ffa2e32 -> 
  custom:video-decoder-ogg-theora: a1e56fd34408186e4bbccfd4996cb3dc -> 
  custom:container-muxer-webm: aa71ff27fc2769a1b78a27578f13a17b -> 
  custom:container-demuxer-webm: 4f35f7cbe854078d1ac9338744f61a02 -> 
  custom:container-demuxer-ogg: 62fdf1f143b41e24485cea50d1cbac27 -> 
  custom:video-encoder-webm-vp8: eb34c28f22e8b96e1ab97ce403110664 -> 
  custom:video-decoder-webm-vp8: 9c59270c3fd7afecdb556c50c9e8de78 -> 
  custom:audio-decoder-ogg-vorbis: bf7c407c2cedff20999df2af8eb42d56 -> 
  custom:audio-encoder-webm-vorbis: bf7c407c2cedff20999df2af8eb42d56 -> 
========================================================================
Received Import Request.
  Time since last request: 58.685861 seconds.
  path: Assets/PalmTrack.cs
  artifactKey: Guid(90b6f46a9a4023240980a341d3728844) Importer(815301076,1909f56bfc062723c751e8b465ee728b)
Start importing Assets/PalmTrack.cs using Guid(90b6f46a9a4023240980a341d3728844) Importer(815301076,1909f56bfc062723c751e8b465ee728b)  -> (artifact id: '0917b398deccfffd27c8987cf9230114') in 0.008817 seconds 
  Import took 0.012527 seconds .

========================================================================
Received Prepare
Registering precompiled user dll's ...
Registered in 0.004230 seconds.
Begin MonoManager ReloadAssembly
Native extension for WindowsStandalone target not found
Native extension for WebGL target not found
Refreshing native plugins compatible for Editor in 0.42 ms, found 3 plugins.
Preloading 0 native plugins for Editor in 0.00 ms.
Mono: successfully reloaded assembly
- Completed reload, in  0.921 seconds
Domain Reload Profiling:
	ReloadAssembly (921ms)
		BeginReloadAssembly (97ms)
			ExecutionOrderSort (0ms)
			DisableScriptedObjects (4ms)
			BackupInstance (0ms)
			ReleaseScriptingObjects (0ms)
			CreateAndSetChildDomain (28ms)
		EndReloadAssembly (766ms)
			LoadAssemblies (82ms)
			RebuildTransferFunctionScriptingTraits (0ms)
			SetupTypeCache (280ms)
			ReleaseScriptCaches (1ms)
			RebuildScriptCaches (37ms)
			SetupLoadedEditorAssemblies (273ms)
				LogAssemblyErrors (0ms)
				InitializePlatformSupportModulesInManaged (5ms)
				SetLoadedEditorAssemblies (0ms)
				RefreshPlugins (0ms)
				BeforeProcessingInitializeOnLoad (85ms)
				ProcessInitializeOnLoadAttributes (168ms)
				ProcessInitializeOnLoadMethodAttributes (9ms)
				AfterProcessingInitializeOnLoad (6ms)
				EditorAssembliesLoaded (0ms)
			ExecutionOrderSort2 (0ms)
			AwakeInstancesAfterBackupRestoration (6ms)
Platform modules already initialized, skipping
Refreshing native plugins compatible for Editor in 0.41 ms, found 3 plugins.
Preloading 0 native plugins for Editor in 0.00 ms.
Unloading 2308 Unused Serialized files (Serialized files now loaded: 0)
System memory in use before: 97.8 MB.
System memory in use after: 97.4 MB.

Unloading 25 unused Assets to reduce memory usage. Loaded Objects now: 2763.
Total: 2.983700 ms (FindLiveObjects: 0.159800 ms CreateObjectMapping: 0.092500 ms MarkObjects: 2.355400 ms  DeleteObjects: 0.375200 ms)

AssetImportParameters requested are different than current active one (requested -> active):
  custom:framework-win-MediaFoundation: 216162199b28c13a410421893ffa2e32 -> 
  custom:video-decoder-ogg-theora: a1e56fd34408186e4bbccfd4996cb3dc -> 
  custom:container-muxer-webm: aa71ff27fc2769a1b78a27578f13a17b -> 
  custom:container-demuxer-webm: 4f35f7cbe854078d1ac9338744f61a02 -> 
  custom:container-demuxer-ogg: 62fdf1f143b41e24485cea50d1cbac27 -> 
  custom:video-encoder-webm-vp8: eb34c28f22e8b96e1ab97ce403110664 -> 
  custom:video-decoder-webm-vp8: 9c59270c3fd7afecdb556c50c9e8de78 -> 
  custom:audio-decoder-ogg-vorbis: bf7c407c2cedff20999df2af8eb42d56 -> 
  custom:audio-encoder-webm-vorbis: bf7c407c2cedff20999df2af8eb42d56 -> 
========================================================================
Received Prepare
Registering precompiled user dll's ...
Registered in 0.004315 seconds.
Begin MonoManager ReloadAssembly
Native extension for WindowsStandalone target not found
Native extension for WebGL target not found
Refreshing native plugins compatible for Editor in 0.52 ms, found 3 plugins.
Preloading 0 native plugins for Editor in 0.00 ms.
Mono: successfully reloaded assembly
- Completed reload, in  0.940 seconds
Domain Reload Profiling:
	ReloadAssembly (941ms)
		BeginReloadAssembly (103ms)
			ExecutionOrderSort (0ms)
			DisableScriptedObjects (4ms)
			BackupInstance (0ms)
			ReleaseScriptingObjects (0ms)
			CreateAndSetChildDomain (29ms)
		EndReloadAssembly (774ms)
			LoadAssemblies (89ms)
			RebuildTransferFunctionScriptingTraits (0ms)
			SetupTypeCache (286ms)
			ReleaseScriptCaches (1ms)
			RebuildScriptCaches (38ms)
			SetupLoadedEditorAssemblies (270ms)
				LogAssemblyErrors (0ms)
				InitializePlatformSupportModulesInManaged (5ms)
				SetLoadedEditorAssemblies (0ms)
				RefreshPlugins (1ms)
				BeforeProcessingInitializeOnLoad (85ms)
				ProcessInitializeOnLoadAttributes (164ms)
				ProcessInitializeOnLoadMethodAttributes (9ms)
				AfterProcessingInitializeOnLoad (6ms)
				EditorAssembliesLoaded (0ms)
			ExecutionOrderSort2 (0ms)
			AwakeInstancesAfterBackupRestoration (6ms)
Platform modules already initialized, skipping
Refreshing native plugins compatible for Editor in 0.44 ms, found 3 plugins.
Preloading 0 native plugins for Editor in 0.00 ms.
Unloading 2308 Unused Serialized files (Serialized files now loaded: 0)
System memory in use before: 97.9 MB.
System memory in use after: 97.4 MB.

Unloading 25 unused Assets to reduce memory usage. Loaded Objects now: 2765.
Total: 3.236200 ms (FindLiveObjects: 0.190700 ms CreateObjectMapping: 0.114600 ms MarkObjects: 2.511700 ms  DeleteObjects: 0.418300 ms)

AssetImportParameters requested are different than current active one (requested -> active):
  custom:framework-win-MediaFoundation: 216162199b28c13a410421893ffa2e32 -> 
  custom:video-decoder-ogg-theora: a1e56fd34408186e4bbccfd4996cb3dc -> 
  custom:container-muxer-webm: aa71ff27fc2769a1b78a27578f13a17b -> 
  custom:container-demuxer-webm: 4f35f7cbe854078d1ac9338744f61a02 -> 
  custom:container-demuxer-ogg: 62fdf1f143b41e24485cea50d1cbac27 -> 
  custom:video-encoder-webm-vp8: eb34c28f22e8b96e1ab97ce403110664 -> 
  custom:video-decoder-webm-vp8: 9c59270c3fd7afecdb556c50c9e8de78 -> 
  custom:audio-decoder-ogg-vorbis: bf7c407c2cedff20999df2af8eb42d56 -> 
  custom:audio-encoder-webm-vorbis: bf7c407c2cedff20999df2af8eb42d56 -> 
========================================================================
Received Import Request.
  Time since last request: 279.031547 seconds.
  path: Assets/PalmTrack.cs
  artifactKey: Guid(90b6f46a9a4023240980a341d3728844) Importer(815301076,1909f56bfc062723c751e8b465ee728b)
Start importing Assets/PalmTrack.cs using Guid(90b6f46a9a4023240980a341d3728844) Importer(815301076,1909f56bfc062723c751e8b465ee728b)  -> (artifact id: '0be878b5803ae343e09d62740cb811e6') in 0.004795 seconds 
  Import took 0.007993 seconds .

AssetImportWorkerClient::OnTransportError - code=2 error=End of file
